0 info it worked if it ends with ok
1 verbose cli [ '/usr/local/bin/node',
1 verbose cli   '/usr/local/bin/npm',
1 verbose cli   'run',
1 verbose cli   'build:osx' ]
2 info using npm@3.3.12
3 info using node@v5.4.0
4 verbose run-script [ 'prebuild:osx', 'build:osx', 'postbuild:osx' ]
5 info lifecycle electronic-mw@0.1.0~prebuild:osx: electronic-mw@0.1.0
6 silly lifecycle electronic-mw@0.1.0~prebuild:osx: no script for prebuild:osx, continuing
7 info lifecycle electronic-mw@0.1.0~build:osx: electronic-mw@0.1.0
8 verbose lifecycle electronic-mw@0.1.0~build:osx: unsafe-perm in lifecycle true
9 verbose lifecycle electronic-mw@0.1.0~build:osx: PATH: /usr/local/lib/node_modules/npm/bin/node-gyp-bin:/Users/wu/Dev/Javascript/electron/my/electron-mw/node_modules/.bin:/Users/wu/.rvm/gems/ruby-2.1.3/bin:/Users/wu/.rvm/gems/ruby-2.1.3@global/bin:/Users/wu/.rvm/rubies/ruby-2.1.3/bin:/usr/local/heroku/bin:/usr/local/bin:/usr/bin:/bin:/usr/sbin:/sbin:/opt/ImageMagick/bin:/Users/wu/.rvm/gems/ruby-2.1.3/bin:/Users/wu/.rvm/gems/ruby-2.1.3@global/bin:/Users/wu/.rvm/rubies/ruby-2.1.3/bin:/usr/local/bin:/usr/bin:/bin:/usr/sbin:/sbin:/Users/wu/.rvm/bin:/usr/local/bin
10 verbose lifecycle electronic-mw@0.1.0~build:osx: CWD: /Users/wu/Dev/Javascript/electron/my/electron-mw
11 silly lifecycle electronic-mw@0.1.0~build:osx: Args: [ '-c', './scripts/build.sh darwin x64' ]
12 silly lifecycle electronic-mw@0.1.0~build:osx: Returned: code: 126  signal: null
13 info lifecycle electronic-mw@0.1.0~build:osx: Failed to exec build:osx script
14 verbose stack Error: electronic-mw@0.1.0 build:osx: `./scripts/build.sh darwin x64`
14 verbose stack Exit status 126
14 verbose stack     at EventEmitter.<anonymous> (/usr/local/lib/node_modules/npm/lib/utils/lifecycle.js:232:16)
14 verbose stack     at emitTwo (events.js:87:13)
14 verbose stack     at EventEmitter.emit (events.js:172:7)
14 verbose stack     at ChildProcess.<anonymous> (/usr/local/lib/node_modules/npm/lib/utils/spawn.js:24:14)
14 verbose stack     at emitTwo (events.js:87:13)
14 verbose stack     at ChildProcess.emit (events.js:172:7)
14 verbose stack     at maybeClose (internal/child_process.js:821:16)
14 verbose stack     at Process.ChildProcess._handle.onexit (internal/child_process.js:211:5)
15 verbose pkgid electronic-mw@0.1.0
16 verbose cwd /Users/wu/Dev/Javascript/electron/my/electron-mw
17 error Darwin 15.0.0
18 error argv "/usr/local/bin/node" "/usr/local/bin/npm" "run" "build:osx"
19 error node v5.4.0
20 error npm  v3.3.12
21 error code ELIFECYCLE
22 error electronic-mw@0.1.0 build:osx: `./scripts/build.sh darwin x64`
22 error Exit status 126
23 error Failed at the electronic-mw@0.1.0 build:osx script './scripts/build.sh darwin x64'.
23 error Make sure you have the latest version of node.js and npm installed.
23 error If you do, this is most likely a problem with the electronic-mw package,
23 error not with npm itself.
23 error Tell the author that this fails on your system:
23 error     ./scripts/build.sh darwin x64
23 error You can get their info via:
23 error     npm owner ls electronic-mw
23 error There is likely additional logging output above.
24 verbose exit [ 1, true ]
